<?xml version="1.0" encoding="UTF-8"?>
<testng-results ignored="0" total="1" passed="1" failed="0" skipped="0">
  <reporter-output>
  </reporter-output>
  <suite started-at="2026-09-10T17:14:22 IST" name="Surefire suite" finished-at="2026-09-10T17:15:56 IST" duration-ms="93730">
    <groups>
      <group name="cucumber">
        <method signature="AbstractTestNGCucumberTests.runScenario(io.cucumber.testng.PickleWrapper,io.cucumber.testng.FeatureWrapper)[pri:0, instance:runner.RunCuke@489115ef]" name="runScenario" class="io.cucumber.testng.AbstractTestNGCucumberTests"/>
      </group> <!-- cucumber -->
    </groups>
    <test started-at="2026-09-10T17:14:22 IST" name="Surefire test" finished-at="2026-09-10T17:15:56 IST" duration-ms="93730">
      <class name="runner.RunCuke">
        <test-method is-config="true" signature="setUpClass(org.testng.ITestContext)[pri:0, instance:runner.RunCuke@489115ef]" started-at="2026-09-10T17:14:22 IST" name="setUpClass" finished-at="2026-09-10T17:14:24 IST" duration-ms="1387" status="PASS">
          <params>
            <param index="0">
              <value>
                <![CDATA[org.testng.TestRunner@e57e5d6]]>
              </value>
            </param>
          </params>
          <reporter-output>
          </reporter-output>
        </test-method> <!-- setUpClass -->
        <test-method signature="runScenario(io.cucumber.testng.PickleWrapper,io.cucumber.testng.FeatureWrapper)[pri:0, instance:runner.RunCuke@489115ef]" started-at="2026-09-10T17:14:24 IST" name="runScenario" description="Runs Cucumber Scenarios" data-provider="scenarios" finished-at="2026-09-10T17:15:56 IST" duration-ms="92198" status="PASS">
          <params>
            <param index="0">
              <value>
                <![CDATA["Validate home page is correct"]]>
              </value>
            </param>
            <param index="1">
              <value>
                <![CDATA["Validate home page in lamps"]]>
              </value>
            </param>
          </params>
          <reporter-output>
          </reporter-output>
        </test-method> <!-- runScenario -->
        <test-method is-config="true" signature="tearDownClass()[pri:0, instance:runner.RunCuke@489115ef]" started-at="2026-09-10T17:15:56 IST" name="tearDownClass" finished-at="2026-09-10T17:15:56 IST" duration-ms="54" status="PASS">
          <reporter-output>
          </reporter-output>
        </test-method> <!-- tearDownClass -->
      </class> <!-- runner.RunCuke -->
    </test> <!-- Surefire test -->
  </suite> <!-- Surefire suite -->
</testng-results>
