<?xml version="1.0" encoding="UTF-8"?>
<testsuite xmlns:xsi="http://www.w3.org/2001/XMLSchema-instance" xsi:noNamespaceSchemaLocation="https://maven.apache.org/surefire/maven-surefire-plugin/xsd/surefire-test-report-3.0.xsd" version="3.0" name="runner.RunCuke" time="67.322" tests="1" errors="0" skipped="0" failures="0">
  <properties>
[...]
</properties>
  <testcase name="runScenario[&quot;Validate home page is correct&quot;, &quot;Validate home page&quot;](1)" classname="runner.RunCuke" time="64.648">
    <system-out><![CDATA[connect db

@staging
Scenario: Validate home page is correct                                   # src/test/resources/features/kapoorlamps.feature:7
order 

    Scenario Started At: 2026-09-08 09:57:15

  Given user in home page "https://kapoorlampshades.com" for kapoor lamps # steps.HomepageKapoorsteps.user_in_home_page_for_kapoor_lamps(java.lang.String)

    Scenario Started At: 2026-09-08 09:57:22

[Chandeliers, Wall Lights, Pendant Lights, Lamps, Ceiling Lights, Lamp Shades, Outdoor Lights, Lantern Lights, Clearance Sale]
[Chandeliers, Wall Lights, Pendant Lights, Lamps, Ceiling Lights, Lamp Shades, Outdoor Lights, Lantern Lights, Clearance Sale]
  When user validates the text in the menu items                          # steps.HomepageKapoorsteps.uservalidatemenuitems(io.cucumber.datatable.DataTable)
    | Chandeliers    |
    | Wall Lights    |
    | Pendant Lights |
    | Lamps          |
    | Ceiling Lights |
    | Lamp Shades    |
    | Outdoor Lights |
    | Lantern Lights |
    | Clearance Sale |

    Scenario Started At: 2026-09-08 09:57:23

  Then user clicks on chandeliers                                         # steps.HomepageKapoorsteps.clickchandelier()

    Scenario Started At: 2026-09-08 09:57:53

CHANDELIERS
CHANDELIERS
  Then user validates the text is "CHANDELIERS"                           # steps.HomepageKapoorsteps.getlamptext(java.lang.String)

    Scenario Started At: 2026-09-08 09:57:53

  Then user scrolls till the last                                         # steps.HomepageKapoorsteps.userscrollstill()

    Scenario Started At: 2026-09-08 09:57:53

78
  Then user validates count                                               # steps.HomepageKapoorsteps.validatecount()
after order
]]></system-out>
    <system-err><![CDATA[SLF4J: Failed to load class "org.slf4j.impl.StaticLoggerBinder".
SLF4J: Defaulting to no-operation (NOP) logger implementation
SLF4J: See http://www.slf4j.org/codes.html#StaticLoggerBinder for further details.
Sep 08, 2026 9:57:12 AM org.openqa.selenium.devtools.CdpVersionFinder findNearestMatch
WARNING: Unable to find CDP implementation matching 152
Sep 08, 2026 9:57:12 AM org.openqa.selenium.chromium.ChromiumDriver lambda$new$5
WARNING: Unable to find version of CDP to use for 152.0.7977.77. You may need to include a dependency on a specific version of the CDP using something similar to `org.seleniumhq.selenium:selenium-devtools-v86:4.23.0` where the version ("v86") matches the version of the chromium-based browser you're using and the version number of the artifact is the same as Selenium's.
Sep 08, 2026 9:57:15 AM org.openqa.selenium.devtools.CdpVersionFinder findNearestMatch
WARNING: Unable to find CDP implementation matching 152
Sep 08, 2026 9:57:15 AM org.openqa.selenium.chromium.ChromiumDriver lambda$new$5
WARNING: Unable to find version of CDP to use for 152.0.7977.77. You may need to include a dependency on a specific version of the CDP using something similar to `org.seleniumhq.selenium:selenium-devtools-v86:4.23.0` where the version ("v86") matches the version of the chromium-based browser you're using and the version number of the artifact is the same as Selenium's.
]]></system-err>
  </testcase>
</testsuite>