<?xml version="1.0" encoding="UTF-8"?>
<testng-results ignored="0" total="1" passed="1" failed="0" skipped="0">
  <reporter-output>
    <line>
      <![CDATA[FDCAAAE9C5DB89340BF2CA5717DA5BFC]]>
    </line>
    <line>
      <![CDATA[Switched to   0 window]]>
    </line>
    <line>
      <![CDATA[EC16E91843C64CA5ECDC546A76D03EC9]]>
    </line>
    <line>
      <![CDATA[Switched to   1 window]]>
    </line>
    <line>
      <![CDATA[FDCAAAE9C5DB89340BF2CA5717DA5BFC]]>
    </line>
    <line>
      <![CDATA[Switched to   0 window]]>
    </line>
    <line>
      <![CDATA[user clicks on login button]]>
    </line>
    <line>
      <![CDATA[EC16E91843C64CA5ECDC546A76D03EC9]]>
    </line>
    <line>
      <![CDATA[Switched to   1 window]]>
    </line>
    <line>
      <![CDATA[FDCAAAE9C5DB89340BF2CA5717DA5BFC]]>
    </line>
    <line>
      <![CDATA[Switched to   0 window]]>
    </line>
  </reporter-output>
  <suite started-at="2026-09-03T20:25:01 IST" name="Surefire suite" finished-at="2026-09-03T20:25:39 IST" duration-ms="38101">
    <groups>
      <group name="cucumber">
        <method signature="AbstractTestNGCucumberTests.runScenario(io.cucumber.testng.PickleWrapper,io.cucumber.testng.FeatureWrapper)[pri:0, instance:runner.RunCuke@470734c3]" name="runScenario" class="io.cucumber.testng.AbstractTestNGCucumberTests"/>
      </group> <!-- cucumber -->
    </groups>
    <test started-at="2026-09-03T20:25:01 IST" name="Surefire test" finished-at="2026-09-03T20:25:39 IST" duration-ms="38101">
      <class name="runner.RunCuke">
        <test-method is-config="true" signature="setUpClass(org.testng.ITestContext)[pri:0, instance:runner.RunCuke@470734c3]" started-at="2026-09-03T20:25:01 IST" name="setUpClass" finished-at="2026-09-03T20:25:02 IST" duration-ms="959" status="PASS">
          <params>
            <param index="0">
              <value>
                <![CDATA[org.testng.TestRunner@53747c4a]]>
              </value>
            </param>
          </params>
          <reporter-output>
          </reporter-output>
        </test-method> <!-- setUpClass -->
        <test-method signature="runScenario(io.cucumber.testng.PickleWrapper,io.cucumber.testng.FeatureWrapper)[pri:0, instance:runner.RunCuke@470734c3]" started-at="2026-09-03T20:25:02 IST" name="runScenario" description="Runs Cucumber Scenarios" data-provider="scenarios" finished-at="2026-09-03T20:25:39 IST" duration-ms="36966" status="PASS">
          <params>
            <param index="0">
              <value>
                <![CDATA["login to the ALM application"]]>
              </value>
            </param>
            <param index="1">
              <value>
                <![CDATA["login to feature"]]>
              </value>
            </param>
          </params>
          <reporter-output>
            <line>
              <![CDATA[FDCAAAE9C5DB89340BF2CA5717DA5BFC]]>
            </line>
            <line>
              <![CDATA[Switched to   0 window]]>
            </line>
            <line>
              <![CDATA[EC16E91843C64CA5ECDC546A76D03EC9]]>
            </line>
            <line>
              <![CDATA[Switched to   1 window]]>
            </line>
            <line>
              <![CDATA[FDCAAAE9C5DB89340BF2CA5717DA5BFC]]>
            </line>
            <line>
              <![CDATA[Switched to   0 window]]>
            </line>
            <line>
              <![CDATA[user clicks on login button]]>
            </line>
            <line>
              <![CDATA[EC16E91843C64CA5ECDC546A76D03EC9]]>
            </line>
            <line>
              <![CDATA[Switched to   1 window]]>
            </line>
            <line>
              <![CDATA[FDCAAAE9C5DB89340BF2CA5717DA5BFC]]>
            </line>
            <line>
              <![CDATA[Switched to   0 window]]>
            </line>
          </reporter-output>
        </test-method> <!-- runScenario -->
        <test-method is-config="true" signature="tearDownClass()[pri:0, instance:runner.RunCuke@470734c3]" started-at="2026-09-03T20:25:39 IST" name="tearDownClass" finished-at="2026-09-03T20:25:39 IST" duration-ms="109" status="PASS">
          <reporter-output>
          </reporter-output>
        </test-method> <!-- tearDownClass -->
      </class> <!-- runner.RunCuke -->
    </test> <!-- Surefire test -->
  </suite> <!-- Surefire suite -->
</testng-results>
