<?xml version="1.0" encoding="UTF-8"?>
<testsuite xmlns:xsi="http://www.w3.org/2001/XMLSchema-instance" xsi:noNamespaceSchemaLocation="https://maven.apache.org/surefire/maven-surefire-plugin/xsd/surefire-test-report-3.0.xsd" version="3.0" name="runner.RunCuke" time="39.023" tests="1" errors="0" skipped="0" failures="0">
  <properties>
[...]
</properties>
  <testcase name="runScenario[&quot;login to the ALM application&quot;, &quot;login to feature&quot;](1)" classname="runner.RunCuke" time="36.957">
    <system-out><![CDATA[connect db

@staging
Scenario: login to the ALM application                                    # src/test/resources/features/almlogin.feature:27
order 
before step
  Given user in home page                                                 # steps.loginsteps.user_in_home_page()
before step
  Given user clicks on privacy policy                                     # steps.loginsteps.click_on_privacy_policy()
before step
  When user clicks on "Yes" button                                        # steps.loginsteps.user_clicks_button(java.lang.String)
before step
  Then user clicks on about Icertis button                                # steps.loginsteps.aboutIcertisbuttonclick()
before step
  When user clicks on "Yes" button                                        # steps.loginsteps.user_clicks_button(java.lang.String)
before step
  Then user closes the child window                                       # steps.loginsteps.closeschildwindow()
before step
  When user switches to "0" window                                        # steps.loginsteps.userswitchtochildwindow(java.lang.String)
before step
  When user clicks on privacy policy                                      # steps.loginsteps.click_on_privacy_policy()
before step
  When user clicks on "Yes" button                                        # steps.loginsteps.user_clicks_button(java.lang.String)
before step
  When user switches to "1" window                                        # steps.loginsteps.userswitchtochildwindow(java.lang.String)
before step
  When user switches to "0" window                                        # steps.loginsteps.userswitchtochildwindow(java.lang.String)
before step
  When the actor clicks on "Login" button                                 # steps.loginsteps.click_on_login_button(java.lang.String)
before step
  When user switches to "1" window and closes the window                  # steps.loginsteps.userswitchtochildwindowclose(java.lang.String)
before step
  When user switches to "0" window                                        # steps.loginsteps.userswitchtochildwindow(java.lang.String)
before step
  Then actor enters "hello"                                               # steps.loginsteps.actor_enters_username(java.lang.String)
before step
  When clicks on next button                                              # steps.loginsteps.clicks_on_next_button()
before step
Please enter a valid email address
  Then validate the error message is "Please enter a valid email address" # steps.loginsteps.validaterror(java.lang.String)
before step
  Then user clears the value in the text box                              # steps.loginsteps.cleartext()
before step
  Then actor enters "hello@gmail.com"                                     # steps.loginsteps.actor_enters_username(java.lang.String)
before step
  And clicks on next button                                               # steps.loginsteps.clicks_on_next_button()
before step
  Then user enters username as "SA_IDN6@icertisclmaad.onmicrosoft.com"    # steps.loginsteps.actor_entersname(java.lang.String)
before step
  And clicks on next button in sign in page                               # steps.loginsteps.actor_clicksnext_button()
before step
  And actor enters password "24Jun@2026IDN1"                              # steps.loginsteps.enterpassword(java.lang.String)
before step
  And actor clicks on sign in button                                      # steps.loginsteps.actor_clicks_on_signinbutton()
before step
  And user clicks on enter button                                         # steps.loginsteps.enterbutton()
before step
[My Tasks, Customers, Users, Instances, Extensions, Deployments, Certifications]
[My Tasks, Customers, Users, Instances, Extensions, Deployments, Certifications]
D:\test\cucumbertest\src\test\resources\testdata\Data.xlsx Sheet1
7
1
My Tasks    
 Customers
Users
 Instances
Extensions
Deployments
Certifications
My Tasks     
 Customers 
Users 
 Instances 
Extensions 
Deployments 
Certifications 
My Tasks    	 Customers	Users	 Instances	Extensions	Deployments	Certifications	Original Matrix:
[My Tasks    ]
[ Customers]
[Users]
[ Instances]
[Extensions]
[Deployments]
[Certifications]
16
[Certifications]are the values
  Then user validates the text below Your organization                    # steps.loginsteps.validateOrganizationMenuTexts(io.cucumber.datatable.DataTable)
    | My Tasks       |
    | Customers      |
    | Users          |
    | Instances      |
    | Extensions     |
    | Deployments    |
    | Certifications |
before step
Home | ALM Studio
  And user gets the title of the page                                     # steps.loginsteps.getTitle()
before step
D:\test\cucumbertest\src\test\resources\testdata\Data.xlsx Sheet1
7
1
My Tasks    
 Customers
Users
 Instances
Extensions
Deployments
Certifications
My Tasks     
 Customers 
Users 
 Instances 
Extensions 
Deployments 
Certifications 
My Tasks
278
Customers
3256
Users
1386
Instances
1469
Extensions
3591
Deployments
4749
Certifications
5342
{My Tasks=278, Customers=3256, Users=1386, Instances=1469, Extensions=3591, Deployments=4749, Certifications=5342}
  And insert the values of the your organisation                          # steps.loginsteps.keyvalue()
before step
[SA_IDN6@icertisclmaad.onmicrosoft.com, Role: Portal Admin]is act
[SA_IDN6@icertisclmaad.onmicrosoft.com=Role: Portal Admin]---->
{SA_IDN6@icertisclmaad.onmicrosoft.com=Role: Portal Admin}is exp
[SA_IDN6@icertisclmaad.onmicrosoft.com, Role: Portal Admin]is final
true
  When user clicks on IS Button                                           # steps.loginsteps.submitForm(io.cucumber.datatable.DataTable)
    | Role: Portal Admin | SA_IDN6@icertisclmaad.onmicrosoft.com |
after order
]]></system-out>
    <system-err><![CDATA[SLF4J: Failed to load class "org.slf4j.impl.StaticLoggerBinder".
SLF4J: Defaulting to no-operation (NOP) logger implementation
SLF4J: See http://www.slf4j.org/codes.html#StaticLoggerBinder for further details.
Sep 03, 2026 8:25:05 PM org.openqa.selenium.devtools.CdpVersionFinder findNearestMatch
WARNING: Unable to find CDP implementation matching 152
Sep 03, 2026 8:25:05 PM org.openqa.selenium.chromium.ChromiumDriver lambda$new$5
WARNING: Unable to find version of CDP to use for 152.0.7977.65. You may need to include a dependency on a specific version of the CDP using something similar to `org.seleniumhq.selenium:selenium-devtools-v86:4.23.0` where the version ("v86") matches the version of the chromium-based browser you're using and the version number of the artifact is the same as Selenium's.
ERROR StatusLogger Log4j2 could not find a logging implementation. Please add log4j-core to the classpath. Using SimpleLogger to log to the console...
]]></system-err>
  </testcase>
</testsuite>