<?xml version="1.0" encoding="UTF-8"?>
<testng-results ignored="0" total="1" passed="1" failed="0" skipped="0">
  <reporter-output>
  </reporter-output>
  <suite started-at="2026-09-06T23:02:00 IST" name="Default suite" finished-at="2026-09-06T23:02:19 IST" duration-ms="18060">
    <groups>
      <group name="cucumber">
        <method signature="AbstractTestNGCucumberTests.runScenario(io.cucumber.testng.PickleWrapper,io.cucumber.testng.FeatureWrapper)[pri:0, instance:runner.RunCuke@3cd3e762]" name="runScenario" class="io.cucumber.testng.AbstractTestNGCucumberTests"/>
      </group> <!-- cucumber -->
    </groups>
    <test started-at="2026-09-06T23:02:00 IST" name="Default test" finished-at="2026-09-06T23:02:19 IST" duration-ms="18060">
      <class name="runner.RunCuke">
        <test-method is-config="true" signature="setUpClass(org.testng.ITestContext)[pri:0, instance:runner.RunCuke@3cd3e762]" started-at="2026-09-06T23:02:01 IST" name="setUpClass" finished-at="2026-09-06T23:02:02 IST" duration-ms="1154" status="PASS">
          <params>
            <param index="0">
              <value>
                <![CDATA[org.testng.TestRunner@69a2b3b6]]>
              </value>
            </param>
          </params>
          <reporter-output>
          </reporter-output>
        </test-method> <!-- setUpClass -->
        <test-method signature="runScenario(io.cucumber.testng.PickleWrapper,io.cucumber.testng.FeatureWrapper)[pri:0, instance:runner.RunCuke@3cd3e762]" started-at="2026-09-06T23:02:02 IST" name="runScenario" description="Runs Cucumber Scenarios" data-provider="scenarios" finished-at="2026-09-06T23:02:18 IST" duration-ms="16684" status="PASS">
          <params>
            <param index="0">
              <value>
                <![CDATA["Validate home page is correct"]]>
              </value>
            </param>
            <param index="1">
              <value>
                <![CDATA["Validate home page"]]>
              </value>
            </param>
          </params>
          <reporter-output>
          </reporter-output>
        </test-method> <!-- runScenario -->
        <test-method is-config="true" signature="tearDownClass()[pri:0, instance:runner.RunCuke@3cd3e762]" started-at="2026-09-06T23:02:18 IST" name="tearDownClass" finished-at="2026-09-06T23:02:19 IST" duration-ms="115" status="PASS">
          <reporter-output>
          </reporter-output>
        </test-method> <!-- tearDownClass -->
      </class> <!-- runner.RunCuke -->
    </test> <!-- Default test -->
  </suite> <!-- Default suite -->
</testng-results>
