<?xml version="1.0" encoding="UTF-8"?>
<!-- Generated by org.testng.reporters.JUnitReportReporter -->
<testsuite hostname="DESKTOP-I27NA7P" failures="0" tests="1" name="runner.RunCuke" time="36.966" errors="0" timestamp="2026-09-03T20:25:39 IST" skipped="0">
  <testcase classname="runner.RunCuke" name="runScenario" time="36.966">
    <system-out>
      <![CDATA[FDCAAAE9C5DB89340BF2CA5717DA5BFC
Switched to   0 window
EC16E91843C64CA5ECDC546A76D03EC9
Switched to   1 window
FDCAAAE9C5DB89340BF2CA5717DA5BFC
Switched to   0 window
user clicks on login button
EC16E91843C64CA5ECDC546A76D03EC9
Switched to   1 window
FDCAAAE9C5DB89340BF2CA5717DA5BFC
Switched to   0 window]]>
    </system-out>
  </testcase> <!-- runScenario -->
  <system-out>
    <![CDATA[FDCAAAE9C5DB89340BF2CA5717DA5BFC
Switched to   0 window
EC16E91843C64CA5ECDC546A76D03EC9
Switched to   1 window
FDCAAAE9C5DB89340BF2CA5717DA5BFC
Switched to   0 window
user clicks on login button
EC16E91843C64CA5ECDC546A76D03EC9
Switched to   1 window
FDCAAAE9C5DB89340BF2CA5717DA5BFC
Switched to   0 window]]>
  </system-out>
</testsuite> <!-- runner.RunCuke -->
